2025-08-13 13:41:43,479 DEBUG    root            Loaded Command Group: ['gcloud', 'components']
2025-08-13 13:41:43,481 DEBUG    root            Loaded Command Group: ['gcloud', 'components', 'update']
2025-08-13 13:41:43,483 DEBUG    root            Running [gcloud.components.update] with arguments: [--quiet: "True", COMPONENT-IDS:8: "['gcloud', 'core', 'bq', 'gsutil', 'compute', 'preview', 'alpha', 'beta']"]
2025-08-13 13:41:43,484 INFO     ___FILE_ONLY___ Beginning update. This process may take several minutes.

2025-08-13 13:41:43,492 DEBUG    urllib3.connectionpool Starting new HTTPS connection (1): dl.google.com:443
2025-08-13 13:41:44,428 DEBUG    urllib3.connectionpool https://dl.google.com:443 "GET /dl/cloudsdk/channels/rapid/components-2.json HTTP/11" 200 233150
2025-08-13 13:41:44,441 WARNING  root            Component [compute] no longer exists.
2025-08-13 13:41:44,442 INFO     ___FILE_ONLY___ 

2025-08-13 13:41:44,442 INFO     ___FILE_ONLY___ 
Your current Google Cloud CLI version is: 534.0.0

2025-08-13 13:41:44,442 INFO     ___FILE_ONLY___ Installing components from version: 534.0.0

2025-08-13 13:41:44,442 INFO     ___FILE_ONLY___ 

2025-08-13 13:41:44,442 DEBUG    root            Chosen display Format:table[box,title="These components will be removed."](details.display_name:label=Name:align=left,version.version_string:label=Version:align=right,data.size.size(zero="",min=1048576):label=Size:align=right)
2025-08-13 13:41:44,443 DEBUG    root            Chosen display Format:table[box,title="These components will be updated."](details.display_name:label=Name:align=left,version.version_string:label=Version:align=right,data.size.size(zero="",min=1048576):label=Size:align=right)
2025-08-13 13:41:44,443 DEBUG    root            Chosen display Format:table[box,title="These components will be installed."](details.display_name:label=Name:align=left,version.version_string:label=Version:align=right,data.size.size(zero="",min=1048576):label=Size:align=right)
2025-08-13 13:41:44,457 INFO     ___FILE_ONLY___ ┌────────────────────────────────────────────────┐
2025-08-13 13:41:44,457 INFO     ___FILE_ONLY___ 

2025-08-13 13:41:44,457 INFO     ___FILE_ONLY___ │      These components will be installed.       │
2025-08-13 13:41:44,457 INFO     ___FILE_ONLY___ 

2025-08-13 13:41:44,457 INFO     ___FILE_ONLY___ ├─────────────────────────┬────────────┬─────────┤
2025-08-13 13:41:44,457 INFO     ___FILE_ONLY___ 

2025-08-13 13:41:44,457 INFO     ___FILE_ONLY___ │           Name          │  Version   │   Size  │
2025-08-13 13:41:44,457 INFO     ___FILE_ONLY___ 

2025-08-13 13:41:44,457 INFO     ___FILE_ONLY___ ├─────────────────────────┼────────────┼─────────┤
2025-08-13 13:41:44,457 INFO     ___FILE_ONLY___ 

2025-08-13 13:41:44,457 INFO     ___FILE_ONLY___ │ 
2025-08-13 13:41:44,457 INFO     ___FILE_ONLY___ gcloud Alpha Commands  
2025-08-13 13:41:44,457 INFO     ___FILE_ONLY___  
2025-08-13 13:41:44,457 INFO     ___FILE_ONLY___ │ 
2025-08-13 13:41:44,457 INFO     ___FILE_ONLY___ 2025.08.08
2025-08-13 13:41:44,457 INFO     ___FILE_ONLY___  
2025-08-13 13:41:44,458 INFO     ___FILE_ONLY___ │ 
2025-08-13 13:41:44,458 INFO     ___FILE_ONLY___ < 1 MiB
2025-08-13 13:41:44,458 INFO     ___FILE_ONLY___  
2025-08-13 13:41:44,458 INFO     ___FILE_ONLY___ │
2025-08-13 13:41:44,458 INFO     ___FILE_ONLY___ 

2025-08-13 13:41:44,458 INFO     ___FILE_ONLY___ │ 
2025-08-13 13:41:44,458 INFO     ___FILE_ONLY___ gcloud Beta Commands   
2025-08-13 13:41:44,458 INFO     ___FILE_ONLY___  
2025-08-13 13:41:44,458 INFO     ___FILE_ONLY___ │ 
2025-08-13 13:41:44,458 INFO     ___FILE_ONLY___ 2025.08.08
2025-08-13 13:41:44,458 INFO     ___FILE_ONLY___  
2025-08-13 13:41:44,458 INFO     ___FILE_ONLY___ │ 
2025-08-13 13:41:44,458 INFO     ___FILE_ONLY___ < 1 MiB
2025-08-13 13:41:44,458 INFO     ___FILE_ONLY___  
2025-08-13 13:41:44,458 INFO     ___FILE_ONLY___ │
2025-08-13 13:41:44,458 INFO     ___FILE_ONLY___ 

2025-08-13 13:41:44,458 INFO     ___FILE_ONLY___ │ 
2025-08-13 13:41:44,458 INFO     ___FILE_ONLY___ gcloud Preview Commands
2025-08-13 13:41:44,458 INFO     ___FILE_ONLY___  
2025-08-13 13:41:44,458 INFO     ___FILE_ONLY___ │ 
2025-08-13 13:41:44,459 INFO     ___FILE_ONLY___           
2025-08-13 13:41:44,459 INFO     ___FILE_ONLY___  
2025-08-13 13:41:44,459 INFO     ___FILE_ONLY___ │ 
2025-08-13 13:41:44,459 INFO     ___FILE_ONLY___ < 1 MiB
2025-08-13 13:41:44,459 INFO     ___FILE_ONLY___  
2025-08-13 13:41:44,459 INFO     ___FILE_ONLY___ │
2025-08-13 13:41:44,459 INFO     ___FILE_ONLY___ 

2025-08-13 13:41:44,459 INFO     ___FILE_ONLY___ └─────────────────────────┴────────────┴─────────┘
2025-08-13 13:41:44,459 INFO     ___FILE_ONLY___ 

2025-08-13 13:41:44,459 INFO     ___FILE_ONLY___ 

2025-08-13 13:41:44,462 DEBUG    urllib3.connectionpool Starting new HTTPS connection (1): dl.google.com:443
2025-08-13 13:41:45,406 DEBUG    urllib3.connectionpool https://dl.google.com:443 "GET /dl/cloudsdk/channels/rapid/RELEASE_NOTES HTTP/11" 200 1464830
2025-08-13 13:41:45,878 INFO     ___FILE_ONLY___ For the latest full release notes, please visit:
  https://cloud.google.com/sdk/release_notes


2025-08-13 13:41:45,879 INFO     ___FILE_ONLY___ Performing in place update...


2025-08-13 13:41:45,881 INFO     ___FILE_ONLY___ ╔════════════════════════════════════════════════════════════╗

2025-08-13 13:41:45,881 INFO     ___FILE_ONLY___ ╠═ Downloading: gcloud Alpha Commands                       ═╣

2025-08-13 13:41:45,881 INFO     ___FILE_ONLY___ ╚
2025-08-13 13:41:45,884 DEBUG    urllib3.connectionpool Starting new HTTPS connection (1): dl.google.com:443
2025-08-13 13:41:46,857 DEBUG    urllib3.connectionpool https://dl.google.com:443 "GET /dl/cloudsdk/channels/rapid/components/google-cloud-sdk-alpha-20250808155822.tar.gz HTTP/11" 200 800
2025-08-13 13:41:46,858 INFO     ___FILE_ONLY___ ════════════════════════════════════════════════════════════
2025-08-13 13:41:46,858 INFO     ___FILE_ONLY___ ╝

2025-08-13 13:41:46,860 INFO     ___FILE_ONLY___ ╔════════════════════════════════════════════════════════════╗

2025-08-13 13:41:46,860 INFO     ___FILE_ONLY___ ╠═ Downloading: gcloud Beta Commands                        ═╣

2025-08-13 13:41:46,860 INFO     ___FILE_ONLY___ ╚
2025-08-13 13:41:46,863 DEBUG    urllib3.connectionpool Starting new HTTPS connection (1): dl.google.com:443
2025-08-13 13:41:47,779 DEBUG    urllib3.connectionpool https://dl.google.com:443 "GET /dl/cloudsdk/channels/rapid/components/google-cloud-sdk-beta-20250808155822.tar.gz HTTP/11" 200 797
2025-08-13 13:41:47,780 INFO     ___FILE_ONLY___ ════════════════════════════════════════════════════════════
2025-08-13 13:41:47,780 INFO     ___FILE_ONLY___ ╝

2025-08-13 13:41:47,782 INFO     ___FILE_ONLY___ ╔════════════════════════════════════════════════════════════╗

2025-08-13 13:41:47,782 INFO     ___FILE_ONLY___ ╠═ Downloading: gcloud Preview Commands                     ═╣

2025-08-13 13:41:47,782 INFO     ___FILE_ONLY___ ╚
2025-08-13 13:41:47,785 DEBUG    urllib3.connectionpool Starting new HTTPS connection (1): dl.google.com:443
2025-08-13 13:41:48,753 DEBUG    urllib3.connectionpool https://dl.google.com:443 "GET /dl/cloudsdk/channels/rapid/components/google-cloud-sdk-preview-20241115154308.tar.gz HTTP/11" 200 823
2025-08-13 13:41:48,753 INFO     ___FILE_ONLY___ ════════════════════════════════════════════════════════════
2025-08-13 13:41:48,753 INFO     ___FILE_ONLY___ ╝

2025-08-13 13:41:48,755 INFO     ___FILE_ONLY___ ╔════════════════════════════════════════════════════════════╗

2025-08-13 13:41:48,755 INFO     ___FILE_ONLY___ ╠═ Installing: gcloud Alpha Commands                        ═╣

2025-08-13 13:41:48,755 INFO     ___FILE_ONLY___ ╚
2025-08-13 13:41:48,756 INFO     ___FILE_ONLY___ ════════════════════════════════════════════════════════════
2025-08-13 13:41:48,756 INFO     ___FILE_ONLY___ ╝

2025-08-13 13:41:48,761 INFO     ___FILE_ONLY___ ╔════════════════════════════════════════════════════════════╗

2025-08-13 13:41:48,762 INFO     ___FILE_ONLY___ ╠═ Installing: gcloud Beta Commands                         ═╣

2025-08-13 13:41:48,762 INFO     ___FILE_ONLY___ ╚
2025-08-13 13:41:48,762 INFO     ___FILE_ONLY___ ════════════════════════════════════════════════════════════
2025-08-13 13:41:48,762 INFO     ___FILE_ONLY___ ╝

2025-08-13 13:41:48,767 INFO     ___FILE_ONLY___ ╔════════════════════════════════════════════════════════════╗

2025-08-13 13:41:48,767 INFO     ___FILE_ONLY___ ╠═ Installing: gcloud Preview Commands                      ═╣

2025-08-13 13:41:48,768 INFO     ___FILE_ONLY___ ╚
2025-08-13 13:41:48,768 INFO     ___FILE_ONLY___ ════════════════════════════════════════════════════════════
2025-08-13 13:41:48,768 INFO     ___FILE_ONLY___ ╝

2025-08-13 13:41:48,773 DEBUG    root            Updating notification cache...
2025-08-13 13:41:48,773 INFO     ___FILE_ONLY___ 

2025-08-13 13:41:48,775 INFO     ___FILE_ONLY___ Performing post processing steps...
2025-08-13 13:41:48,776 DEBUG    root            Executing command: ['/tools/google-cloud-sdk/bin/gcloud', 'components', 'post-process']
2025-08-13 13:41:57,764 DEBUG    ___FILE_ONLY___ 
2025-08-13 13:41:57,765 DEBUG    ___FILE_ONLY___ 
2025-08-13 13:41:57,788 INFO     root            descriptor_list: [{'universeDomain': 'googleapis.com', 'universeShortName': '', 'authenticationDomain': 'auth.cloud.google.com', 'projectPrefix': '', 'cloudWebDomain': 'cloud.google.com', 'documentationDomain': 'cloud.google.com', 'version': '1.0.0', 'state': 'primary', 'artifactRegistryDomain': 'pkg.dev'}]
2025-08-13 13:41:57,788 INFO     ___FILE_ONLY___ 
Update done!


2025-08-13 13:41:57,790 DEBUG    root            Chosen display Format:none
2025-08-13 13:41:57,791 INFO     root            Display format: "none"
