2025-08-13 13:41:17,789 DEBUG    root            Loaded Command Group: ['gcloud', 'components']
2025-08-13 13:41:17,792 DEBUG    root            Loaded Command Group: ['gcloud', 'components', 'update']
2025-08-13 13:41:17,794 DEBUG    root            Running [gcloud.components.update] with arguments: [--compile-python: "True", --quiet: "True", COMPONENT-IDS:6: "['core', 'gcloud-deps', 'bq', 'gcloud', 'gcloud-crc32c', 'gsutil']"]
2025-08-13 13:41:17,795 INFO     ___FILE_ONLY___ Beginning update. This process may take several minutes.

2025-08-13 13:41:17,831 DEBUG    urllib3.connectionpool Starting new HTTPS connection (1): dl.google.com:443
2025-08-13 13:41:18,007 DEBUG    urllib3.connectionpool https://dl.google.com:443 "GET /dl/cloudsdk/channels/rapid/components-2.json HTTP/11" 200 233150
2025-08-13 13:41:18,017 INFO     ___FILE_ONLY___ 

2025-08-13 13:41:18,017 INFO     ___FILE_ONLY___ 
Your current Google Cloud CLI version is: 534.0.0

2025-08-13 13:41:18,017 INFO     ___FILE_ONLY___ Installing components from version: 534.0.0

2025-08-13 13:41:18,017 INFO     ___FILE_ONLY___ 

2025-08-13 13:41:18,017 DEBUG    root            Chosen display Format:table[box,title="These components will be removed."](details.display_name:label=Name:align=left,version.version_string:label=Version:align=right,data.size.size(zero="",min=1048576):label=Size:align=right)
2025-08-13 13:41:18,018 DEBUG    root            Chosen display Format:table[box,title="These components will be updated."](details.display_name:label=Name:align=left,version.version_string:label=Version:align=right,data.size.size(zero="",min=1048576):label=Size:align=right)
2025-08-13 13:41:18,018 DEBUG    root            Chosen display Format:table[box,title="These components will be installed."](details.display_name:label=Name:align=left,version.version_string:label=Version:align=right,data.size.size(zero="",min=1048576):label=Size:align=right)
2025-08-13 13:41:18,056 INFO     ___FILE_ONLY___ ┌─────────────────────────────────────────────────────────────────────────────┐
2025-08-13 13:41:18,056 INFO     ___FILE_ONLY___ 

2025-08-13 13:41:18,056 INFO     ___FILE_ONLY___ │                     These components will be installed.                     │
2025-08-13 13:41:18,056 INFO     ___FILE_ONLY___ 

2025-08-13 13:41:18,056 INFO     ___FILE_ONLY___ ├─────────────────────────────────────────────────────┬────────────┬──────────┤
2025-08-13 13:41:18,056 INFO     ___FILE_ONLY___ 

2025-08-13 13:41:18,056 INFO     ___FILE_ONLY___ │                         Name                        │  Version   │   Size   │
2025-08-13 13:41:18,057 INFO     ___FILE_ONLY___ 

2025-08-13 13:41:18,057 INFO     ___FILE_ONLY___ ├─────────────────────────────────────────────────────┼────────────┼──────────┤
2025-08-13 13:41:18,057 INFO     ___FILE_ONLY___ 

2025-08-13 13:41:18,057 INFO     ___FILE_ONLY___ │ 
2025-08-13 13:41:18,057 INFO     ___FILE_ONLY___ BigQuery Command Line Tool                         
2025-08-13 13:41:18,057 INFO     ___FILE_ONLY___  
2025-08-13 13:41:18,057 INFO     ___FILE_ONLY___ │ 
2025-08-13 13:41:18,057 INFO     ___FILE_ONLY___     2.1.22
2025-08-13 13:41:18,057 INFO     ___FILE_ONLY___  
2025-08-13 13:41:18,057 INFO     ___FILE_ONLY___ │ 
2025-08-13 13:41:18,057 INFO     ___FILE_ONLY___  1.8 MiB
2025-08-13 13:41:18,057 INFO     ___FILE_ONLY___  
2025-08-13 13:41:18,057 INFO     ___FILE_ONLY___ │
2025-08-13 13:41:18,057 INFO     ___FILE_ONLY___ 

2025-08-13 13:41:18,057 INFO     ___FILE_ONLY___ │ 
2025-08-13 13:41:18,057 INFO     ___FILE_ONLY___ BigQuery Command Line Tool (Platform Specific)     
2025-08-13 13:41:18,057 INFO     ___FILE_ONLY___  
2025-08-13 13:41:18,057 INFO     ___FILE_ONLY___ │ 
2025-08-13 13:41:18,057 INFO     ___FILE_ONLY___     2.1.17
2025-08-13 13:41:18,057 INFO     ___FILE_ONLY___  
2025-08-13 13:41:18,057 INFO     ___FILE_ONLY___ │ 
2025-08-13 13:41:18,058 INFO     ___FILE_ONLY___  < 1 MiB
2025-08-13 13:41:18,058 INFO     ___FILE_ONLY___  
2025-08-13 13:41:18,058 INFO     ___FILE_ONLY___ │
2025-08-13 13:41:18,058 INFO     ___FILE_ONLY___ 

2025-08-13 13:41:18,058 INFO     ___FILE_ONLY___ │ 
2025-08-13 13:41:18,058 INFO     ___FILE_ONLY___ Bundled Python 3.12 (Platform Specific)            
2025-08-13 13:41:18,058 INFO     ___FILE_ONLY___  
2025-08-13 13:41:18,058 INFO     ___FILE_ONLY___ │ 
2025-08-13 13:41:18,058 INFO     ___FILE_ONLY___     3.12.9
2025-08-13 13:41:18,058 INFO     ___FILE_ONLY___  
2025-08-13 13:41:18,058 INFO     ___FILE_ONLY___ │ 
2025-08-13 13:41:18,058 INFO     ___FILE_ONLY___ 89.3 MiB
2025-08-13 13:41:18,058 INFO     ___FILE_ONLY___  
2025-08-13 13:41:18,058 INFO     ___FILE_ONLY___ │
2025-08-13 13:41:18,058 INFO     ___FILE_ONLY___ 

2025-08-13 13:41:18,058 INFO     ___FILE_ONLY___ │ 
2025-08-13 13:41:18,058 INFO     ___FILE_ONLY___ Cloud Storage Command Line Tool                    
2025-08-13 13:41:18,058 INFO     ___FILE_ONLY___  
2025-08-13 13:41:18,058 INFO     ___FILE_ONLY___ │ 
2025-08-13 13:41:18,059 INFO     ___FILE_ONLY___       5.35
2025-08-13 13:41:18,059 INFO     ___FILE_ONLY___  
2025-08-13 13:41:18,059 INFO     ___FILE_ONLY___ │ 
2025-08-13 13:41:18,059 INFO     ___FILE_ONLY___ 12.4 MiB
2025-08-13 13:41:18,059 INFO     ___FILE_ONLY___  
2025-08-13 13:41:18,059 INFO     ___FILE_ONLY___ │
2025-08-13 13:41:18,059 INFO     ___FILE_ONLY___ 

2025-08-13 13:41:18,059 INFO     ___FILE_ONLY___ │ 
2025-08-13 13:41:18,059 INFO     ___FILE_ONLY___ Cloud Storage Command Line Tool (Platform Specific)
2025-08-13 13:41:18,059 INFO     ___FILE_ONLY___  
2025-08-13 13:41:18,059 INFO     ___FILE_ONLY___ │ 
2025-08-13 13:41:18,059 INFO     ___FILE_ONLY___       5.34
2025-08-13 13:41:18,059 INFO     ___FILE_ONLY___  
2025-08-13 13:41:18,059 INFO     ___FILE_ONLY___ │ 
2025-08-13 13:41:18,059 INFO     ___FILE_ONLY___  < 1 MiB
2025-08-13 13:41:18,059 INFO     ___FILE_ONLY___  
2025-08-13 13:41:18,059 INFO     ___FILE_ONLY___ │
2025-08-13 13:41:18,059 INFO     ___FILE_ONLY___ 

2025-08-13 13:41:18,059 INFO     ___FILE_ONLY___ │ 
2025-08-13 13:41:18,059 INFO     ___FILE_ONLY___ Google Cloud CLI Core Libraries (Platform Specific)
2025-08-13 13:41:18,059 INFO     ___FILE_ONLY___  
2025-08-13 13:41:18,059 INFO     ___FILE_ONLY___ │ 
2025-08-13 13:41:18,060 INFO     ___FILE_ONLY___ 2025.05.23
2025-08-13 13:41:18,060 INFO     ___FILE_ONLY___  
2025-08-13 13:41:18,060 INFO     ___FILE_ONLY___ │ 
2025-08-13 13:41:18,060 INFO     ___FILE_ONLY___  < 1 MiB
2025-08-13 13:41:18,060 INFO     ___FILE_ONLY___  
2025-08-13 13:41:18,060 INFO     ___FILE_ONLY___ │
2025-08-13 13:41:18,060 INFO     ___FILE_ONLY___ 

2025-08-13 13:41:18,060 INFO     ___FILE_ONLY___ │ 
2025-08-13 13:41:18,060 INFO     ___FILE_ONLY___ Google Cloud CRC32C Hash Tool (Platform Specific)  
2025-08-13 13:41:18,060 INFO     ___FILE_ONLY___  
2025-08-13 13:41:18,060 INFO     ___FILE_ONLY___ │ 
2025-08-13 13:41:18,060 INFO     ___FILE_ONLY___      1.0.0
2025-08-13 13:41:18,060 INFO     ___FILE_ONLY___  
2025-08-13 13:41:18,060 INFO     ___FILE_ONLY___ │ 
2025-08-13 13:41:18,060 INFO     ___FILE_ONLY___  1.5 MiB
2025-08-13 13:41:18,060 INFO     ___FILE_ONLY___  
2025-08-13 13:41:18,060 INFO     ___FILE_ONLY___ │
2025-08-13 13:41:18,060 INFO     ___FILE_ONLY___ 

2025-08-13 13:41:18,060 INFO     ___FILE_ONLY___ │ 
2025-08-13 13:41:18,060 INFO     ___FILE_ONLY___ gcloud cli dependencies (Platform Specific)        
2025-08-13 13:41:18,060 INFO     ___FILE_ONLY___  
2025-08-13 13:41:18,061 INFO     ___FILE_ONLY___ │ 
2025-08-13 13:41:18,061 INFO     ___FILE_ONLY___ 2021.04.16
2025-08-13 13:41:18,061 INFO     ___FILE_ONLY___  
2025-08-13 13:41:18,061 INFO     ___FILE_ONLY___ │ 
2025-08-13 13:41:18,061 INFO     ___FILE_ONLY___  < 1 MiB
2025-08-13 13:41:18,061 INFO     ___FILE_ONLY___  
2025-08-13 13:41:18,061 INFO     ___FILE_ONLY___ │
2025-08-13 13:41:18,061 INFO     ___FILE_ONLY___ 

2025-08-13 13:41:18,061 INFO     ___FILE_ONLY___ └─────────────────────────────────────────────────────┴────────────┴──────────┘
2025-08-13 13:41:18,061 INFO     ___FILE_ONLY___ 

2025-08-13 13:41:18,061 INFO     ___FILE_ONLY___ 

2025-08-13 13:41:18,064 DEBUG    urllib3.connectionpool Starting new HTTPS connection (1): dl.google.com:443
2025-08-13 13:41:19,042 DEBUG    urllib3.connectionpool https://dl.google.com:443 "GET /dl/cloudsdk/channels/rapid/RELEASE_NOTES HTTP/11" 200 1464830
2025-08-13 13:41:19,523 INFO     ___FILE_ONLY___ For the latest full release notes, please visit:
  https://cloud.google.com/sdk/release_notes


2025-08-13 13:41:19,523 INFO     ___FILE_ONLY___ Performing in place update...


2025-08-13 13:41:19,525 INFO     ___FILE_ONLY___ ╔════════════════════════════════════════════════════════════╗

2025-08-13 13:41:19,526 INFO     ___FILE_ONLY___ ╠═ Downloading: BigQuery Command Line Tool                  ═╣

2025-08-13 13:41:19,526 INFO     ___FILE_ONLY___ ╚
2025-08-13 13:41:19,529 DEBUG    urllib3.connectionpool Starting new HTTPS connection (1): dl.google.com:443
2025-08-13 13:41:20,485 DEBUG    urllib3.connectionpool https://dl.google.com:443 "GET /dl/cloudsdk/channels/rapid/components/google-cloud-sdk-bq-20250801150402.tar.gz HTTP/11" 200 1856357
2025-08-13 13:41:20,505 INFO     ___FILE_ONLY___ ═
2025-08-13 13:41:20,505 INFO     ___FILE_ONLY___ ═
2025-08-13 13:41:20,505 INFO     ___FILE_ONLY___ ═
2025-08-13 13:41:20,505 INFO     ___FILE_ONLY___ ═
2025-08-13 13:41:20,505 INFO     ___FILE_ONLY___ ═
2025-08-13 13:41:20,505 INFO     ___FILE_ONLY___ ═
2025-08-13 13:41:20,505 INFO     ___FILE_ONLY___ ═
2025-08-13 13:41:20,506 INFO     ___FILE_ONLY___ ═
2025-08-13 13:41:20,506 INFO     ___FILE_ONLY___ ═
2025-08-13 13:41:20,506 INFO     ___FILE_ONLY___ ═
2025-08-13 13:41:20,506 INFO     ___FILE_ONLY___ ═
2025-08-13 13:41:20,506 INFO     ___FILE_ONLY___ ═
2025-08-13 13:41:20,506 INFO     ___FILE_ONLY___ ═
2025-08-13 13:41:20,506 INFO     ___FILE_ONLY___ ═
2025-08-13 13:41:20,506 INFO     ___FILE_ONLY___ ═
2025-08-13 13:41:20,507 INFO     ___FILE_ONLY___ ═
2025-08-13 13:41:20,507 INFO     ___FILE_ONLY___ ═
2025-08-13 13:41:20,507 INFO     ___FILE_ONLY___ ═
2025-08-13 13:41:20,507 INFO     ___FILE_ONLY___ ═
2025-08-13 13:41:20,507 INFO     ___FILE_ONLY___ ═
2025-08-13 13:41:20,507 INFO     ___FILE_ONLY___ ═
2025-08-13 13:41:20,507 INFO     ___FILE_ONLY___ ═
2025-08-13 13:41:20,508 INFO     ___FILE_ONLY___ ═
2025-08-13 13:41:20,508 INFO     ___FILE_ONLY___ ═
2025-08-13 13:41:20,508 INFO     ___FILE_ONLY___ ═
2025-08-13 13:41:20,508 INFO     ___FILE_ONLY___ ═
2025-08-13 13:41:20,508 INFO     ___FILE_ONLY___ ═
2025-08-13 13:41:20,508 INFO     ___FILE_ONLY___ ═
2025-08-13 13:41:20,508 INFO     ___FILE_ONLY___ ═
2025-08-13 13:41:20,509 INFO     ___FILE_ONLY___ ═
2025-08-13 13:41:20,509 INFO     ___FILE_ONLY___ ═
2025-08-13 13:41:20,509 INFO     ___FILE_ONLY___ ═
2025-08-13 13:41:20,509 INFO     ___FILE_ONLY___ ═
2025-08-13 13:41:20,509 INFO     ___FILE_ONLY___ ═
2025-08-13 13:41:20,509 INFO     ___FILE_ONLY___ ═
2025-08-13 13:41:20,509 INFO     ___FILE_ONLY___ ═
2025-08-13 13:41:20,510 INFO     ___FILE_ONLY___ ═
2025-08-13 13:41:20,510 INFO     ___FILE_ONLY___ ═
2025-08-13 13:41:20,510 INFO     ___FILE_ONLY___ ═
2025-08-13 13:41:20,510 INFO     ___FILE_ONLY___ ═
2025-08-13 13:41:20,510 INFO     ___FILE_ONLY___ ═
2025-08-13 13:41:20,510 INFO     ___FILE_ONLY___ ═
2025-08-13 13:41:20,510 INFO     ___FILE_ONLY___ ═
2025-08-13 13:41:20,511 INFO     ___FILE_ONLY___ ═
2025-08-13 13:41:20,511 INFO     ___FILE_ONLY___ ═
2025-08-13 13:41:20,511 INFO     ___FILE_ONLY___ ═
2025-08-13 13:41:20,511 INFO     ___FILE_ONLY___ ═
2025-08-13 13:41:20,511 INFO     ___FILE_ONLY___ ═
2025-08-13 13:41:20,511 INFO     ___FILE_ONLY___ ═
2025-08-13 13:41:20,511 INFO     ___FILE_ONLY___ ═
2025-08-13 13:41:20,512 INFO     ___FILE_ONLY___ ═
2025-08-13 13:41:20,512 INFO     ___FILE_ONLY___ ═
2025-08-13 13:41:20,512 INFO     ___FILE_ONLY___ ═
2025-08-13 13:41:20,512 INFO     ___FILE_ONLY___ ═
2025-08-13 13:41:20,512 INFO     ___FILE_ONLY___ ═
2025-08-13 13:41:20,512 INFO     ___FILE_ONLY___ ═
2025-08-13 13:41:20,512 INFO     ___FILE_ONLY___ ═
2025-08-13 13:41:20,513 INFO     ___FILE_ONLY___ ═
2025-08-13 13:41:20,513 INFO     ___FILE_ONLY___ ═
2025-08-13 13:41:20,513 INFO     ___FILE_ONLY___ ═
2025-08-13 13:41:20,513 INFO     ___FILE_ONLY___ ╝

2025-08-13 13:41:20,515 INFO     ___FILE_ONLY___ ╔════════════════════════════════════════════════════════════╗

2025-08-13 13:41:20,515 INFO     ___FILE_ONLY___ ╠═ Downloading: BigQuery Command Line Tool (Platform Spe... ═╣

2025-08-13 13:41:20,515 INFO     ___FILE_ONLY___ ╚
2025-08-13 13:41:20,519 DEBUG    urllib3.connectionpool Starting new HTTPS connection (1): dl.google.com:443
2025-08-13 13:41:21,470 DEBUG    urllib3.connectionpool https://dl.google.com:443 "GET /dl/cloudsdk/channels/rapid/components/google-cloud-sdk-bq-nix-20250523104322.tar.gz HTTP/11" 200 1935
2025-08-13 13:41:21,471 INFO     ___FILE_ONLY___ ════════════════════════════════════════════════════════════
2025-08-13 13:41:21,471 INFO     ___FILE_ONLY___ ╝

2025-08-13 13:41:21,473 INFO     ___FILE_ONLY___ ╔════════════════════════════════════════════════════════════╗

2025-08-13 13:41:21,473 INFO     ___FILE_ONLY___ ╠═ Downloading: Bundled Python 3.12                         ═╣

2025-08-13 13:41:21,473 INFO     ___FILE_ONLY___ ╚
2025-08-13 13:41:21,473 INFO     ___FILE_ONLY___ ════════════════════════════════════════════════════════════
2025-08-13 13:41:21,473 INFO     ___FILE_ONLY___ ╝

2025-08-13 13:41:21,475 INFO     ___FILE_ONLY___ ╔════════════════════════════════════════════════════════════╗

2025-08-13 13:41:21,475 INFO     ___FILE_ONLY___ ╠═ Downloading: Bundled Python 3.12 (Platform Specific)     ═╣

2025-08-13 13:41:21,475 INFO     ___FILE_ONLY___ ╚
2025-08-13 13:41:21,478 DEBUG    urllib3.connectionpool Starting new HTTPS connection (1): dl.google.com:443
2025-08-13 13:41:22,454 DEBUG    urllib3.connectionpool https://dl.google.com:443 "GET /dl/cloudsdk/channels/rapid/components/google-cloud-sdk-bundled-python3-unix-linux-x86_64-20250502143716.tar.gz HTTP/11" 200 93610468
2025-08-13 13:41:22,837 INFO     ___FILE_ONLY___ ═
2025-08-13 13:41:22,840 INFO     ___FILE_ONLY___ ═
2025-08-13 13:41:22,842 INFO     ___FILE_ONLY___ ═
2025-08-13 13:41:22,843 INFO     ___FILE_ONLY___ ═
2025-08-13 13:41:22,845 INFO     ___FILE_ONLY___ ═
2025-08-13 13:41:22,847 INFO     ___FILE_ONLY___ ═
2025-08-13 13:41:22,849 INFO     ___FILE_ONLY___ ═
2025-08-13 13:41:22,851 INFO     ___FILE_ONLY___ ═
2025-08-13 13:41:22,853 INFO     ___FILE_ONLY___ ═
2025-08-13 13:41:22,854 INFO     ___FILE_ONLY___ ═
2025-08-13 13:41:22,856 INFO     ___FILE_ONLY___ ═
2025-08-13 13:41:22,858 INFO     ___FILE_ONLY___ ═
2025-08-13 13:41:22,860 INFO     ___FILE_ONLY___ ═
2025-08-13 13:41:22,862 INFO     ___FILE_ONLY___ ═
2025-08-13 13:41:22,864 INFO     ___FILE_ONLY___ ═
2025-08-13 13:41:22,866 INFO     ___FILE_ONLY___ ═
2025-08-13 13:41:22,868 INFO     ___FILE_ONLY___ ═
2025-08-13 13:41:22,870 INFO     ___FILE_ONLY___ ═
2025-08-13 13:41:22,871 INFO     ___FILE_ONLY___ ═
2025-08-13 13:41:22,873 INFO     ___FILE_ONLY___ ═
2025-08-13 13:41:22,875 INFO     ___FILE_ONLY___ ═
2025-08-13 13:41:22,877 INFO     ___FILE_ONLY___ ═
2025-08-13 13:41:22,879 INFO     ___FILE_ONLY___ ═
2025-08-13 13:41:22,880 INFO     ___FILE_ONLY___ ═
2025-08-13 13:41:22,882 INFO     ___FILE_ONLY___ ═
2025-08-13 13:41:22,884 INFO     ___FILE_ONLY___ ═
2025-08-13 13:41:22,886 INFO     ___FILE_ONLY___ ═
2025-08-13 13:41:22,888 INFO     ___FILE_ONLY___ ═
2025-08-13 13:41:22,890 INFO     ___FILE_ONLY___ ═
2025-08-13 13:41:22,891 INFO     ___FILE_ONLY___ ═
2025-08-13 13:41:22,893 INFO     ___FILE_ONLY___ ═
2025-08-13 13:41:22,895 INFO     ___FILE_ONLY___ ═
2025-08-13 13:41:22,897 INFO     ___FILE_ONLY___ ═
2025-08-13 13:41:22,899 INFO     ___FILE_ONLY___ ═
2025-08-13 13:41:22,901 INFO     ___FILE_ONLY___ ═
2025-08-13 13:41:22,902 INFO     ___FILE_ONLY___ ═
2025-08-13 13:41:22,904 INFO     ___FILE_ONLY___ ═
2025-08-13 13:41:22,906 INFO     ___FILE_ONLY___ ═
2025-08-13 13:41:22,908 INFO     ___FILE_ONLY___ ═
2025-08-13 13:41:22,910 INFO     ___FILE_ONLY___ ═
2025-08-13 13:41:22,912 INFO     ___FILE_ONLY___ ═
2025-08-13 13:41:22,913 INFO     ___FILE_ONLY___ ═
2025-08-13 13:41:22,915 INFO     ___FILE_ONLY___ ═
2025-08-13 13:41:22,917 INFO     ___FILE_ONLY___ ═
2025-08-13 13:41:22,919 INFO     ___FILE_ONLY___ ═
2025-08-13 13:41:22,921 INFO     ___FILE_ONLY___ ═
2025-08-13 13:41:22,923 INFO     ___FILE_ONLY___ ═
2025-08-13 13:41:22,924 INFO     ___FILE_ONLY___ ═
2025-08-13 13:41:22,926 INFO     ___FILE_ONLY___ ═
2025-08-13 13:41:22,928 INFO     ___FILE_ONLY___ ═
2025-08-13 13:41:22,930 INFO     ___FILE_ONLY___ ═
2025-08-13 13:41:22,932 INFO     ___FILE_ONLY___ ═
2025-08-13 13:41:22,933 INFO     ___FILE_ONLY___ ═
2025-08-13 13:41:22,935 INFO     ___FILE_ONLY___ ═
2025-08-13 13:41:22,937 INFO     ___FILE_ONLY___ ═
2025-08-13 13:41:22,939 INFO     ___FILE_ONLY___ ═
2025-08-13 13:41:22,941 INFO     ___FILE_ONLY___ ═
2025-08-13 13:41:22,943 INFO     ___FILE_ONLY___ ═
2025-08-13 13:41:22,944 INFO     ___FILE_ONLY___ ═
2025-08-13 13:41:22,946 INFO     ___FILE_ONLY___ ═
2025-08-13 13:41:22,946 INFO     ___FILE_ONLY___ ╝

2025-08-13 13:41:22,949 INFO     ___FILE_ONLY___ ╔════════════════════════════════════════════════════════════╗

2025-08-13 13:41:22,949 INFO     ___FILE_ONLY___ ╠═ Downloading: Cloud Storage Command Line Tool             ═╣

2025-08-13 13:41:22,949 INFO     ___FILE_ONLY___ ╚
2025-08-13 13:41:22,952 DEBUG    urllib3.connectionpool Starting new HTTPS connection (1): dl.google.com:443
2025-08-13 13:41:23,887 DEBUG    urllib3.connectionpool https://dl.google.com:443 "GET /dl/cloudsdk/channels/rapid/components/google-cloud-sdk-gsutil-20250627154417.tar.gz HTTP/11" 200 12962791
2025-08-13 13:41:23,943 INFO     ___FILE_ONLY___ ═
2025-08-13 13:41:23,944 INFO     ___FILE_ONLY___ ═
2025-08-13 13:41:23,944 INFO     ___FILE_ONLY___ ═
2025-08-13 13:41:23,944 INFO     ___FILE_ONLY___ ═
2025-08-13 13:41:23,945 INFO     ___FILE_ONLY___ ═
2025-08-13 13:41:23,945 INFO     ___FILE_ONLY___ ═
2025-08-13 13:41:23,945 INFO     ___FILE_ONLY___ ═
2025-08-13 13:41:23,946 INFO     ___FILE_ONLY___ ═
2025-08-13 13:41:23,946 INFO     ___FILE_ONLY___ ═
2025-08-13 13:41:23,946 INFO     ___FILE_ONLY___ ═
2025-08-13 13:41:23,947 INFO     ___FILE_ONLY___ ═
2025-08-13 13:41:23,947 INFO     ___FILE_ONLY___ ═
2025-08-13 13:41:23,947 INFO     ___FILE_ONLY___ ═
2025-08-13 13:41:23,947 INFO     ___FILE_ONLY___ ═
2025-08-13 13:41:23,948 INFO     ___FILE_ONLY___ ═
2025-08-13 13:41:23,948 INFO     ___FILE_ONLY___ ═
2025-08-13 13:41:23,948 INFO     ___FILE_ONLY___ ═
2025-08-13 13:41:23,949 INFO     ___FILE_ONLY___ ═
2025-08-13 13:41:23,949 INFO     ___FILE_ONLY___ ═
2025-08-13 13:41:23,949 INFO     ___FILE_ONLY___ ═
2025-08-13 13:41:23,950 INFO     ___FILE_ONLY___ ═
2025-08-13 13:41:23,950 INFO     ___FILE_ONLY___ ═
2025-08-13 13:41:23,950 INFO     ___FILE_ONLY___ ═
2025-08-13 13:41:23,950 INFO     ___FILE_ONLY___ ═
2025-08-13 13:41:23,951 INFO     ___FILE_ONLY___ ═
2025-08-13 13:41:23,951 INFO     ___FILE_ONLY___ ═
2025-08-13 13:41:23,951 INFO     ___FILE_ONLY___ ═
2025-08-13 13:41:23,952 INFO     ___FILE_ONLY___ ═
2025-08-13 13:41:23,952 INFO     ___FILE_ONLY___ ═
2025-08-13 13:41:23,952 INFO     ___FILE_ONLY___ ═
2025-08-13 13:41:23,953 INFO     ___FILE_ONLY___ ═
2025-08-13 13:41:23,953 INFO     ___FILE_ONLY___ ═
2025-08-13 13:41:23,953 INFO     ___FILE_ONLY___ ═
2025-08-13 13:41:23,953 INFO     ___FILE_ONLY___ ═
2025-08-13 13:41:23,954 INFO     ___FILE_ONLY___ ═
2025-08-13 13:41:23,954 INFO     ___FILE_ONLY___ ═
2025-08-13 13:41:23,954 INFO     ___FILE_ONLY___ ═
2025-08-13 13:41:23,955 INFO     ___FILE_ONLY___ ═
2025-08-13 13:41:23,955 INFO     ___FILE_ONLY___ ═
2025-08-13 13:41:23,955 INFO     ___FILE_ONLY___ ═
2025-08-13 13:41:23,956 INFO     ___FILE_ONLY___ ═
2025-08-13 13:41:23,956 INFO     ___FILE_ONLY___ ═
2025-08-13 13:41:23,956 INFO     ___FILE_ONLY___ ═
2025-08-13 13:41:23,957 INFO     ___FILE_ONLY___ ═
2025-08-13 13:41:23,957 INFO     ___FILE_ONLY___ ═
2025-08-13 13:41:23,957 INFO     ___FILE_ONLY___ ═
2025-08-13 13:41:23,957 INFO     ___FILE_ONLY___ ═
2025-08-13 13:41:23,958 INFO     ___FILE_ONLY___ ═
2025-08-13 13:41:23,958 INFO     ___FILE_ONLY___ ═
2025-08-13 13:41:23,959 INFO     ___FILE_ONLY___ ═
2025-08-13 13:41:23,959 INFO     ___FILE_ONLY___ ═
2025-08-13 13:41:23,959 INFO     ___FILE_ONLY___ ═
2025-08-13 13:41:23,959 INFO     ___FILE_ONLY___ ═
2025-08-13 13:41:23,960 INFO     ___FILE_ONLY___ ═
2025-08-13 13:41:23,960 INFO     ___FILE_ONLY___ ═
2025-08-13 13:41:23,960 INFO     ___FILE_ONLY___ ═
2025-08-13 13:41:23,961 INFO     ___FILE_ONLY___ ═
2025-08-13 13:41:23,961 INFO     ___FILE_ONLY___ ═
2025-08-13 13:41:23,961 INFO     ___FILE_ONLY___ ═
2025-08-13 13:41:23,962 INFO     ___FILE_ONLY___ ═
2025-08-13 13:41:23,962 INFO     ___FILE_ONLY___ ╝

2025-08-13 13:41:23,964 INFO     ___FILE_ONLY___ ╔════════════════════════════════════════════════════════════╗

2025-08-13 13:41:23,964 INFO     ___FILE_ONLY___ ╠═ Downloading: Cloud Storage Command Line Tool (Platfor... ═╣

2025-08-13 13:41:23,964 INFO     ___FILE_ONLY___ ╚
2025-08-13 13:41:23,967 DEBUG    urllib3.connectionpool Starting new HTTPS connection (1): dl.google.com:443
2025-08-13 13:41:24,890 DEBUG    urllib3.connectionpool https://dl.google.com:443 "GET /dl/cloudsdk/channels/rapid/components/google-cloud-sdk-gsutil-nix-20250523104322.tar.gz HTTP/11" 200 1950
2025-08-13 13:41:24,890 INFO     ___FILE_ONLY___ ════════════════════════════════════════════════════════════
2025-08-13 13:41:24,890 INFO     ___FILE_ONLY___ ╝

2025-08-13 13:41:24,892 INFO     ___FILE_ONLY___ ╔════════════════════════════════════════════════════════════╗

2025-08-13 13:41:24,893 INFO     ___FILE_ONLY___ ╠═ Downloading: Default set of gcloud commands              ═╣

2025-08-13 13:41:24,893 INFO     ___FILE_ONLY___ ╚
2025-08-13 13:41:24,893 INFO     ___FILE_ONLY___ ════════════════════════════════════════════════════════════
2025-08-13 13:41:24,893 INFO     ___FILE_ONLY___ ╝

2025-08-13 13:41:24,894 INFO     ___FILE_ONLY___ ╔════════════════════════════════════════════════════════════╗

2025-08-13 13:41:24,895 INFO     ___FILE_ONLY___ ╠═ Downloading: Google Cloud CLI Core Libraries (Platfor... ═╣

2025-08-13 13:41:24,895 INFO     ___FILE_ONLY___ ╚
2025-08-13 13:41:24,898 DEBUG    urllib3.connectionpool Starting new HTTPS connection (1): dl.google.com:443
2025-08-13 13:41:25,849 DEBUG    urllib3.connectionpool https://dl.google.com:443 "GET /dl/cloudsdk/channels/rapid/components/google-cloud-sdk-core-nix-20250523104322.tar.gz HTTP/11" 200 2325
2025-08-13 13:41:25,850 INFO     ___FILE_ONLY___ ════════════════════════════════════════════════════════════
2025-08-13 13:41:25,850 INFO     ___FILE_ONLY___ ╝

2025-08-13 13:41:25,852 INFO     ___FILE_ONLY___ ╔════════════════════════════════════════════════════════════╗

2025-08-13 13:41:25,852 INFO     ___FILE_ONLY___ ╠═ Downloading: Google Cloud CRC32C Hash Tool               ═╣

2025-08-13 13:41:25,852 INFO     ___FILE_ONLY___ ╚
2025-08-13 13:41:25,852 INFO     ___FILE_ONLY___ ════════════════════════════════════════════════════════════
2025-08-13 13:41:25,853 INFO     ___FILE_ONLY___ ╝

2025-08-13 13:41:25,854 INFO     ___FILE_ONLY___ ╔════════════════════════════════════════════════════════════╗

2025-08-13 13:41:25,854 INFO     ___FILE_ONLY___ ╠═ Downloading: Google Cloud CRC32C Hash Tool (Platform ... ═╣

2025-08-13 13:41:25,855 INFO     ___FILE_ONLY___ ╚
2025-08-13 13:41:25,859 DEBUG    urllib3.connectionpool Starting new HTTPS connection (1): dl.google.com:443
2025-08-13 13:41:26,810 DEBUG    urllib3.connectionpool https://dl.google.com:443 "GET /dl/cloudsdk/channels/rapid/components/google-cloud-sdk-gcloud-crc32c-linux-x86_64-20250613150750.tar.gz HTTP/11" 200 1525557
2025-08-13 13:41:26,821 INFO     ___FILE_ONLY___ ═
2025-08-13 13:41:26,821 INFO     ___FILE_ONLY___ ═
2025-08-13 13:41:26,821 INFO     ___FILE_ONLY___ ═
2025-08-13 13:41:26,821 INFO     ___FILE_ONLY___ ═
2025-08-13 13:41:26,821 INFO     ___FILE_ONLY___ ═
2025-08-13 13:41:26,821 INFO     ___FILE_ONLY___ ═
2025-08-13 13:41:26,821 INFO     ___FILE_ONLY___ ═
2025-08-13 13:41:26,821 INFO     ___FILE_ONLY___ ═
2025-08-13 13:41:26,822 INFO     ___FILE_ONLY___ ═
2025-08-13 13:41:26,822 INFO     ___FILE_ONLY___ ═
2025-08-13 13:41:26,822 INFO     ___FILE_ONLY___ ═
2025-08-13 13:41:26,822 INFO     ___FILE_ONLY___ ═
2025-08-13 13:41:26,822 INFO     ___FILE_ONLY___ ═
2025-08-13 13:41:26,822 INFO     ___FILE_ONLY___ ═
2025-08-13 13:41:26,822 INFO     ___FILE_ONLY___ ═
2025-08-13 13:41:26,822 INFO     ___FILE_ONLY___ ═
2025-08-13 13:41:26,822 INFO     ___FILE_ONLY___ ═
2025-08-13 13:41:26,822 INFO     ___FILE_ONLY___ ═
2025-08-13 13:41:26,822 INFO     ___FILE_ONLY___ ═
2025-08-13 13:41:26,822 INFO     ___FILE_ONLY___ ═
2025-08-13 13:41:26,823 INFO     ___FILE_ONLY___ ═
2025-08-13 13:41:26,823 INFO     ___FILE_ONLY___ ═
2025-08-13 13:41:26,823 INFO     ___FILE_ONLY___ ═
2025-08-13 13:41:26,823 INFO     ___FILE_ONLY___ ═
2025-08-13 13:41:26,823 INFO     ___FILE_ONLY___ ═
2025-08-13 13:41:26,823 INFO     ___FILE_ONLY___ ═
2025-08-13 13:41:26,823 INFO     ___FILE_ONLY___ ═
2025-08-13 13:41:26,823 INFO     ___FILE_ONLY___ ═
2025-08-13 13:41:26,823 INFO     ___FILE_ONLY___ ═
2025-08-13 13:41:26,823 INFO     ___FILE_ONLY___ ═
2025-08-13 13:41:26,823 INFO     ___FILE_ONLY___ ═
2025-08-13 13:41:26,823 INFO     ___FILE_ONLY___ ═
2025-08-13 13:41:26,824 INFO     ___FILE_ONLY___ ═
2025-08-13 13:41:26,824 INFO     ___FILE_ONLY___ ═
2025-08-13 13:41:26,824 INFO     ___FILE_ONLY___ ═
2025-08-13 13:41:26,824 INFO     ___FILE_ONLY___ ═
2025-08-13 13:41:26,824 INFO     ___FILE_ONLY___ ═
2025-08-13 13:41:26,824 INFO     ___FILE_ONLY___ ═
2025-08-13 13:41:26,824 INFO     ___FILE_ONLY___ ═
2025-08-13 13:41:26,824 INFO     ___FILE_ONLY___ ═
2025-08-13 13:41:26,824 INFO     ___FILE_ONLY___ ═
2025-08-13 13:41:26,824 INFO     ___FILE_ONLY___ ═
2025-08-13 13:41:26,824 INFO     ___FILE_ONLY___ ═
2025-08-13 13:41:26,824 INFO     ___FILE_ONLY___ ═
2025-08-13 13:41:26,824 INFO     ___FILE_ONLY___ ═
2025-08-13 13:41:26,825 INFO     ___FILE_ONLY___ ═
2025-08-13 13:41:26,825 INFO     ___FILE_ONLY___ ═
2025-08-13 13:41:26,825 INFO     ___FILE_ONLY___ ═
2025-08-13 13:41:26,825 INFO     ___FILE_ONLY___ ═
2025-08-13 13:41:26,825 INFO     ___FILE_ONLY___ ═
2025-08-13 13:41:26,825 INFO     ___FILE_ONLY___ ═
2025-08-13 13:41:26,825 INFO     ___FILE_ONLY___ ═
2025-08-13 13:41:26,825 INFO     ___FILE_ONLY___ ═
2025-08-13 13:41:26,825 INFO     ___FILE_ONLY___ ═
2025-08-13 13:41:26,825 INFO     ___FILE_ONLY___ ═
2025-08-13 13:41:26,825 INFO     ___FILE_ONLY___ ═
2025-08-13 13:41:26,825 INFO     ___FILE_ONLY___ ═
2025-08-13 13:41:26,826 INFO     ___FILE_ONLY___ ═
2025-08-13 13:41:26,826 INFO     ___FILE_ONLY___ ═
2025-08-13 13:41:26,826 INFO     ___FILE_ONLY___ ═
2025-08-13 13:41:26,826 INFO     ___FILE_ONLY___ ╝

2025-08-13 13:41:26,828 INFO     ___FILE_ONLY___ ╔════════════════════════════════════════════════════════════╗

2025-08-13 13:41:26,828 INFO     ___FILE_ONLY___ ╠═ Downloading: gcloud cli dependencies (Platform Specific) ═╣

2025-08-13 13:41:26,828 INFO     ___FILE_ONLY___ ╚
2025-08-13 13:41:26,831 DEBUG    urllib3.connectionpool Starting new HTTPS connection (1): dl.google.com:443
2025-08-13 13:41:26,989 DEBUG    urllib3.connectionpool https://dl.google.com:443 "GET /dl/cloudsdk/channels/rapid/components/google-cloud-sdk-gcloud-deps-linux-x86_64-20210416153011.tar.gz HTTP/11" 200 104
2025-08-13 13:41:26,989 INFO     ___FILE_ONLY___ ════════════════════════════════════════════════════════════
2025-08-13 13:41:26,990 INFO     ___FILE_ONLY___ ╝

2025-08-13 13:41:26,992 INFO     ___FILE_ONLY___ ╔════════════════════════════════════════════════════════════╗

2025-08-13 13:41:26,992 INFO     ___FILE_ONLY___ ╠═ Installing: BigQuery Command Line Tool                   ═╣

2025-08-13 13:41:26,992 INFO     ___FILE_ONLY___ ╚
2025-08-13 13:41:27,086 INFO     ___FILE_ONLY___ ═
2025-08-13 13:41:27,089 INFO     ___FILE_ONLY___ ═
2025-08-13 13:41:27,091 INFO     ___FILE_ONLY___ ═
2025-08-13 13:41:27,093 INFO     ___FILE_ONLY___ ═
2025-08-13 13:41:27,096 INFO     ___FILE_ONLY___ ═
2025-08-13 13:41:27,098 INFO     ___FILE_ONLY___ ═
2025-08-13 13:41:27,101 INFO     ___FILE_ONLY___ ═
2025-08-13 13:41:27,103 INFO     ___FILE_ONLY___ ═
2025-08-13 13:41:27,105 INFO     ___FILE_ONLY___ ═
2025-08-13 13:41:27,107 INFO     ___FILE_ONLY___ ═
2025-08-13 13:41:27,110 INFO     ___FILE_ONLY___ ═
2025-08-13 13:41:27,112 INFO     ___FILE_ONLY___ ═
2025-08-13 13:41:27,114 INFO     ___FILE_ONLY___ ═
2025-08-13 13:41:27,116 INFO     ___FILE_ONLY___ ═
2025-08-13 13:41:27,118 INFO     ___FILE_ONLY___ ═
2025-08-13 13:41:27,121 INFO     ___FILE_ONLY___ ═
2025-08-13 13:41:27,123 INFO     ___FILE_ONLY___ ═
2025-08-13 13:41:27,125 INFO     ___FILE_ONLY___ ═
2025-08-13 13:41:27,127 INFO     ___FILE_ONLY___ ═
2025-08-13 13:41:27,131 INFO     ___FILE_ONLY___ ═
2025-08-13 13:41:27,133 INFO     ___FILE_ONLY___ ═
2025-08-13 13:41:27,135 INFO     ___FILE_ONLY___ ═
2025-08-13 13:41:27,138 INFO     ___FILE_ONLY___ ═
2025-08-13 13:41:27,139 INFO     ___FILE_ONLY___ ═
2025-08-13 13:41:27,141 INFO     ___FILE_ONLY___ ═
2025-08-13 13:41:27,143 INFO     ___FILE_ONLY___ ═
2025-08-13 13:41:27,146 INFO     ___FILE_ONLY___ ═
2025-08-13 13:41:27,148 INFO     ___FILE_ONLY___ ═
2025-08-13 13:41:27,150 INFO     ___FILE_ONLY___ ═
2025-08-13 13:41:27,154 INFO     ___FILE_ONLY___ ═
2025-08-13 13:41:27,156 INFO     ___FILE_ONLY___ ═
2025-08-13 13:41:27,158 INFO     ___FILE_ONLY___ ═
2025-08-13 13:41:27,160 INFO     ___FILE_ONLY___ ═
2025-08-13 13:41:27,163 INFO     ___FILE_ONLY___ ═
2025-08-13 13:41:27,166 INFO     ___FILE_ONLY___ ═
2025-08-13 13:41:27,173 INFO     ___FILE_ONLY___ ═
2025-08-13 13:41:27,178 INFO     ___FILE_ONLY___ ═
2025-08-13 13:41:27,183 INFO     ___FILE_ONLY___ ═
2025-08-13 13:41:27,185 INFO     ___FILE_ONLY___ ═
2025-08-13 13:41:27,187 INFO     ___FILE_ONLY___ ═
2025-08-13 13:41:27,190 INFO     ___FILE_ONLY___ ═
2025-08-13 13:41:27,192 INFO     ___FILE_ONLY___ ═
2025-08-13 13:41:27,195 INFO     ___FILE_ONLY___ ═
2025-08-13 13:41:27,199 INFO     ___FILE_ONLY___ ═
2025-08-13 13:41:27,201 INFO     ___FILE_ONLY___ ═
2025-08-13 13:41:27,203 INFO     ___FILE_ONLY___ ═
2025-08-13 13:41:27,205 INFO     ___FILE_ONLY___ ═
2025-08-13 13:41:27,207 INFO     ___FILE_ONLY___ ═
2025-08-13 13:41:27,209 INFO     ___FILE_ONLY___ ═
2025-08-13 13:41:27,212 INFO     ___FILE_ONLY___ ═
2025-08-13 13:41:27,214 INFO     ___FILE_ONLY___ ═
2025-08-13 13:41:27,216 INFO     ___FILE_ONLY___ ═
2025-08-13 13:41:27,218 INFO     ___FILE_ONLY___ ═
2025-08-13 13:41:27,221 INFO     ___FILE_ONLY___ ═
2025-08-13 13:41:27,223 INFO     ___FILE_ONLY___ ═
2025-08-13 13:41:27,225 INFO     ___FILE_ONLY___ ═
2025-08-13 13:41:27,227 INFO     ___FILE_ONLY___ ═
2025-08-13 13:41:27,229 INFO     ___FILE_ONLY___ ═
2025-08-13 13:41:27,231 INFO     ___FILE_ONLY___ ═
2025-08-13 13:41:27,233 INFO     ___FILE_ONLY___ ═
2025-08-13 13:41:27,233 INFO     ___FILE_ONLY___ ╝

2025-08-13 13:41:27,241 INFO     ___FILE_ONLY___ ╔════════════════════════════════════════════════════════════╗

2025-08-13 13:41:27,241 INFO     ___FILE_ONLY___ ╠═ Installing: BigQuery Command Line Tool (Platform Spec... ═╣

2025-08-13 13:41:27,241 INFO     ___FILE_ONLY___ ╚
2025-08-13 13:41:27,241 INFO     ___FILE_ONLY___ ════════════════════════════════════════════════════════════
2025-08-13 13:41:27,242 INFO     ___FILE_ONLY___ ╝

2025-08-13 13:41:27,246 INFO     ___FILE_ONLY___ ╔════════════════════════════════════════════════════════════╗

2025-08-13 13:41:27,246 INFO     ___FILE_ONLY___ ╠═ Installing: Bundled Python 3.12                          ═╣

2025-08-13 13:41:27,246 INFO     ___FILE_ONLY___ ╚
2025-08-13 13:41:27,249 INFO     ___FILE_ONLY___ ════════════════════════════════════════════════════════════
2025-08-13 13:41:27,250 INFO     ___FILE_ONLY___ ╝

2025-08-13 13:41:27,251 INFO     ___FILE_ONLY___ ╔════════════════════════════════════════════════════════════╗

2025-08-13 13:41:27,251 INFO     ___FILE_ONLY___ ╠═ Installing: Bundled Python 3.12 (Platform Specific)      ═╣

2025-08-13 13:41:27,251 INFO     ___FILE_ONLY___ ╚
2025-08-13 13:41:29,474 INFO     ___FILE_ONLY___ ═
2025-08-13 13:41:29,486 INFO     ___FILE_ONLY___ ═
2025-08-13 13:41:29,498 INFO     ___FILE_ONLY___ ═
2025-08-13 13:41:29,511 INFO     ___FILE_ONLY___ ═
2025-08-13 13:41:29,524 INFO     ___FILE_ONLY___ ═
2025-08-13 13:41:29,537 INFO     ___FILE_ONLY___ ═
2025-08-13 13:41:29,551 INFO     ___FILE_ONLY___ ═
2025-08-13 13:41:29,564 INFO     ___FILE_ONLY___ ═
2025-08-13 13:41:29,576 INFO     ___FILE_ONLY___ ═
2025-08-13 13:41:29,589 INFO     ___FILE_ONLY___ ═
2025-08-13 13:41:29,601 INFO     ___FILE_ONLY___ ═
2025-08-13 13:41:29,614 INFO     ___FILE_ONLY___ ═
2025-08-13 13:41:29,627 INFO     ___FILE_ONLY___ ═
2025-08-13 13:41:29,640 INFO     ___FILE_ONLY___ ═
2025-08-13 13:41:29,653 INFO     ___FILE_ONLY___ ═
2025-08-13 13:41:29,667 INFO     ___FILE_ONLY___ ═
2025-08-13 13:41:29,679 INFO     ___FILE_ONLY___ ═
2025-08-13 13:41:29,692 INFO     ___FILE_ONLY___ ═
2025-08-13 13:41:29,705 INFO     ___FILE_ONLY___ ═
2025-08-13 13:41:29,719 INFO     ___FILE_ONLY___ ═
2025-08-13 13:41:29,732 INFO     ___FILE_ONLY___ ═
2025-08-13 13:41:29,745 INFO     ___FILE_ONLY___ ═
2025-08-13 13:41:29,758 INFO     ___FILE_ONLY___ ═
2025-08-13 13:41:29,771 INFO     ___FILE_ONLY___ ═
2025-08-13 13:41:29,784 INFO     ___FILE_ONLY___ ═
2025-08-13 13:41:29,797 INFO     ___FILE_ONLY___ ═
2025-08-13 13:41:29,811 INFO     ___FILE_ONLY___ ═
2025-08-13 13:41:29,826 INFO     ___FILE_ONLY___ ═
2025-08-13 13:41:29,840 INFO     ___FILE_ONLY___ ═
2025-08-13 13:41:29,852 INFO     ___FILE_ONLY___ ═
2025-08-13 13:41:29,865 INFO     ___FILE_ONLY___ ═
2025-08-13 13:41:29,881 INFO     ___FILE_ONLY___ ═
2025-08-13 13:41:29,898 INFO     ___FILE_ONLY___ ═
2025-08-13 13:41:29,915 INFO     ___FILE_ONLY___ ═
2025-08-13 13:41:29,937 INFO     ___FILE_ONLY___ ═
2025-08-13 13:41:29,955 INFO     ___FILE_ONLY___ ═
2025-08-13 13:41:30,861 INFO     ___FILE_ONLY___ ═
2025-08-13 13:41:30,886 INFO     ___FILE_ONLY___ ═
2025-08-13 13:41:31,391 INFO     ___FILE_ONLY___ ═
2025-08-13 13:41:31,410 INFO     ___FILE_ONLY___ ═
2025-08-13 13:41:31,434 INFO     ___FILE_ONLY___ ═
2025-08-13 13:41:31,460 INFO     ___FILE_ONLY___ ═
2025-08-13 13:41:31,479 INFO     ___FILE_ONLY___ ═
2025-08-13 13:41:31,508 INFO     ___FILE_ONLY___ ═
2025-08-13 13:41:31,529 INFO     ___FILE_ONLY___ ═
2025-08-13 13:41:31,549 INFO     ___FILE_ONLY___ ═
2025-08-13 13:41:31,566 INFO     ___FILE_ONLY___ ═
2025-08-13 13:41:31,584 INFO     ___FILE_ONLY___ ═
2025-08-13 13:41:31,674 INFO     ___FILE_ONLY___ ═
2025-08-13 13:41:31,693 INFO     ___FILE_ONLY___ ═
2025-08-13 13:41:31,835 INFO     ___FILE_ONLY___ ═
2025-08-13 13:41:31,852 INFO     ___FILE_ONLY___ ═
2025-08-13 13:41:31,869 INFO     ___FILE_ONLY___ ═
2025-08-13 13:41:31,886 INFO     ___FILE_ONLY___ ═
2025-08-13 13:41:31,901 INFO     ___FILE_ONLY___ ═
2025-08-13 13:41:31,920 INFO     ___FILE_ONLY___ ═
2025-08-13 13:41:31,937 INFO     ___FILE_ONLY___ ═
2025-08-13 13:41:31,955 INFO     ___FILE_ONLY___ ═
2025-08-13 13:41:31,983 INFO     ___FILE_ONLY___ ═
2025-08-13 13:41:32,475 INFO     ___FILE_ONLY___ ═
2025-08-13 13:41:32,475 INFO     ___FILE_ONLY___ ╝

2025-08-13 13:41:32,528 INFO     ___FILE_ONLY___ ╔════════════════════════════════════════════════════════════╗

2025-08-13 13:41:32,529 INFO     ___FILE_ONLY___ ╠═ Installing: Cloud Storage Command Line Tool              ═╣

2025-08-13 13:41:32,529 INFO     ___FILE_ONLY___ ╚
2025-08-13 13:41:33,078 INFO     ___FILE_ONLY___ ═
2025-08-13 13:41:33,090 INFO     ___FILE_ONLY___ ═
2025-08-13 13:41:33,102 INFO     ___FILE_ONLY___ ═
2025-08-13 13:41:33,112 INFO     ___FILE_ONLY___ ═
2025-08-13 13:41:33,122 INFO     ___FILE_ONLY___ ═
2025-08-13 13:41:33,158 INFO     ___FILE_ONLY___ ═
2025-08-13 13:41:33,177 INFO     ___FILE_ONLY___ ═
2025-08-13 13:41:33,193 INFO     ___FILE_ONLY___ ═
2025-08-13 13:41:33,208 INFO     ___FILE_ONLY___ ═
2025-08-13 13:41:33,224 INFO     ___FILE_ONLY___ ═
2025-08-13 13:41:33,241 INFO     ___FILE_ONLY___ ═
2025-08-13 13:41:33,253 INFO     ___FILE_ONLY___ ═
2025-08-13 13:41:33,265 INFO     ___FILE_ONLY___ ═
2025-08-13 13:41:33,274 INFO     ___FILE_ONLY___ ═
2025-08-13 13:41:33,284 INFO     ___FILE_ONLY___ ═
2025-08-13 13:41:33,301 INFO     ___FILE_ONLY___ ═
2025-08-13 13:41:33,316 INFO     ___FILE_ONLY___ ═
2025-08-13 13:41:33,326 INFO     ___FILE_ONLY___ ═
2025-08-13 13:41:33,339 INFO     ___FILE_ONLY___ ═
2025-08-13 13:41:33,353 INFO     ___FILE_ONLY___ ═
2025-08-13 13:41:33,365 INFO     ___FILE_ONLY___ ═
2025-08-13 13:41:33,379 INFO     ___FILE_ONLY___ ═
2025-08-13 13:41:33,390 INFO     ___FILE_ONLY___ ═
2025-08-13 13:41:33,401 INFO     ___FILE_ONLY___ ═
2025-08-13 13:41:33,412 INFO     ___FILE_ONLY___ ═
2025-08-13 13:41:33,422 INFO     ___FILE_ONLY___ ═
2025-08-13 13:41:33,434 INFO     ___FILE_ONLY___ ═
2025-08-13 13:41:33,448 INFO     ___FILE_ONLY___ ═
2025-08-13 13:41:33,464 INFO     ___FILE_ONLY___ ═
2025-08-13 13:41:33,477 INFO     ___FILE_ONLY___ ═
2025-08-13 13:41:33,490 INFO     ___FILE_ONLY___ ═
2025-08-13 13:41:33,511 INFO     ___FILE_ONLY___ ═
2025-08-13 13:41:33,527 INFO     ___FILE_ONLY___ ═
2025-08-13 13:41:33,546 INFO     ___FILE_ONLY___ ═
2025-08-13 13:41:33,561 INFO     ___FILE_ONLY___ ═
2025-08-13 13:41:33,578 INFO     ___FILE_ONLY___ ═
2025-08-13 13:41:33,588 INFO     ___FILE_ONLY___ ═
2025-08-13 13:41:33,599 INFO     ___FILE_ONLY___ ═
2025-08-13 13:41:33,635 INFO     ___FILE_ONLY___ ═
2025-08-13 13:41:33,649 INFO     ___FILE_ONLY___ ═
2025-08-13 13:41:33,661 INFO     ___FILE_ONLY___ ═
2025-08-13 13:41:33,672 INFO     ___FILE_ONLY___ ═
2025-08-13 13:41:33,683 INFO     ___FILE_ONLY___ ═
2025-08-13 13:41:33,694 INFO     ___FILE_ONLY___ ═
2025-08-13 13:41:33,705 INFO     ___FILE_ONLY___ ═
2025-08-13 13:41:33,715 INFO     ___FILE_ONLY___ ═
2025-08-13 13:41:33,727 INFO     ___FILE_ONLY___ ═
2025-08-13 13:41:33,736 INFO     ___FILE_ONLY___ ═
2025-08-13 13:41:33,747 INFO     ___FILE_ONLY___ ═
2025-08-13 13:41:33,760 INFO     ___FILE_ONLY___ ═
2025-08-13 13:41:33,774 INFO     ___FILE_ONLY___ ═
2025-08-13 13:41:33,788 INFO     ___FILE_ONLY___ ═
2025-08-13 13:41:33,802 INFO     ___FILE_ONLY___ ═
2025-08-13 13:41:33,816 INFO     ___FILE_ONLY___ ═
2025-08-13 13:41:33,829 INFO     ___FILE_ONLY___ ═
2025-08-13 13:41:33,844 INFO     ___FILE_ONLY___ ═
2025-08-13 13:41:33,862 INFO     ___FILE_ONLY___ ═
2025-08-13 13:41:33,883 INFO     ___FILE_ONLY___ ═
2025-08-13 13:41:33,900 INFO     ___FILE_ONLY___ ═
2025-08-13 13:41:33,919 INFO     ___FILE_ONLY___ ═
2025-08-13 13:41:33,919 INFO     ___FILE_ONLY___ ╝

2025-08-13 13:41:33,950 INFO     ___FILE_ONLY___ ╔════════════════════════════════════════════════════════════╗

2025-08-13 13:41:33,950 INFO     ___FILE_ONLY___ ╠═ Installing: Cloud Storage Command Line Tool (Platform... ═╣

2025-08-13 13:41:33,950 INFO     ___FILE_ONLY___ ╚
2025-08-13 13:41:33,951 INFO     ___FILE_ONLY___ ════════════════════════════════════════════════════════════
2025-08-13 13:41:33,951 INFO     ___FILE_ONLY___ ╝

2025-08-13 13:41:33,955 INFO     ___FILE_ONLY___ ╔════════════════════════════════════════════════════════════╗

2025-08-13 13:41:33,955 INFO     ___FILE_ONLY___ ╠═ Installing: Default set of gcloud commands               ═╣

2025-08-13 13:41:33,955 INFO     ___FILE_ONLY___ ╚
2025-08-13 13:41:33,957 INFO     ___FILE_ONLY___ ════════════════════════════════════════════════════════════
2025-08-13 13:41:33,957 INFO     ___FILE_ONLY___ ╝

2025-08-13 13:41:33,959 INFO     ___FILE_ONLY___ ╔════════════════════════════════════════════════════════════╗

2025-08-13 13:41:33,959 INFO     ___FILE_ONLY___ ╠═ Installing: Google Cloud CLI Core Libraries (Platform... ═╣

2025-08-13 13:41:33,959 INFO     ___FILE_ONLY___ ╚
2025-08-13 13:41:33,960 INFO     ___FILE_ONLY___ ══════════════════════════════
2025-08-13 13:41:33,960 INFO     ___FILE_ONLY___ ══════════════════════════════
2025-08-13 13:41:33,960 INFO     ___FILE_ONLY___ ╝

2025-08-13 13:41:33,964 INFO     ___FILE_ONLY___ ╔════════════════════════════════════════════════════════════╗

2025-08-13 13:41:33,965 INFO     ___FILE_ONLY___ ╠═ Installing: Google Cloud CRC32C Hash Tool                ═╣

2025-08-13 13:41:33,965 INFO     ___FILE_ONLY___ ╚
2025-08-13 13:41:33,967 INFO     ___FILE_ONLY___ ════════════════════════════════════════════════════════════
2025-08-13 13:41:33,967 INFO     ___FILE_ONLY___ ╝

2025-08-13 13:41:33,969 INFO     ___FILE_ONLY___ ╔════════════════════════════════════════════════════════════╗

2025-08-13 13:41:33,969 INFO     ___FILE_ONLY___ ╠═ Installing: Google Cloud CRC32C Hash Tool (Platform S... ═╣

2025-08-13 13:41:33,969 INFO     ___FILE_ONLY___ ╚
2025-08-13 13:41:34,008 INFO     ___FILE_ONLY___ ══════════════════════════════
2025-08-13 13:41:34,008 INFO     ___FILE_ONLY___ ══════════════════════════════
2025-08-13 13:41:34,008 INFO     ___FILE_ONLY___ ╝

2025-08-13 13:41:34,013 INFO     ___FILE_ONLY___ ╔════════════════════════════════════════════════════════════╗

2025-08-13 13:41:34,013 INFO     ___FILE_ONLY___ ╠═ Installing: gcloud cli dependencies (Platform Specific)  ═╣

2025-08-13 13:41:34,013 INFO     ___FILE_ONLY___ ╚
2025-08-13 13:41:34,014 INFO     ___FILE_ONLY___ ════════════════════════════════════════════════════════════
2025-08-13 13:41:34,014 INFO     ___FILE_ONLY___ ╝

2025-08-13 13:41:34,018 DEBUG    root            Updating notification cache...
2025-08-13 13:41:34,019 INFO     ___FILE_ONLY___ 

2025-08-13 13:41:34,021 INFO     ___FILE_ONLY___ Performing post processing steps...
2025-08-13 13:41:34,021 DEBUG    root            Executing command: ['/tools/google-cloud-sdk/bin/gcloud', 'components', 'post-process']
2025-08-13 13:41:42,768 DEBUG    ___FILE_ONLY___ 
2025-08-13 13:41:42,768 DEBUG    ___FILE_ONLY___ 
2025-08-13 13:41:42,811 INFO     root            descriptor_list: [{'universeDomain': 'googleapis.com', 'universeShortName': '', 'authenticationDomain': 'auth.cloud.google.com', 'projectPrefix': '', 'cloudWebDomain': 'cloud.google.com', 'documentationDomain': 'cloud.google.com', 'version': '1.0.0', 'state': 'primary', 'artifactRegistryDomain': 'pkg.dev'}]
2025-08-13 13:41:42,812 INFO     ___FILE_ONLY___ 
Update done!


2025-08-13 13:41:42,815 DEBUG    root            Chosen display Format:none
2025-08-13 13:41:42,815 INFO     root            Display format: "none"
